2025-10-25 20:59:08 INFO background-preinit o.h.validator.internal.util.Version HV000001: Hibernate Validator 8.0.3.Final
2025-10-25 20:59:08 INFO main demo.MainApplication Starting MainApplication using Java 25.0.1 with PID 33364 (/home/ttloi/Desktop/Advanced-Web-Application-Homework/week3/target/classes started by ttloi in /home/ttloi/Desktop/Advanced-Web-Application-Homework/week3)
2025-10-25 20:59:08 INFO main demo.MainApplication No active profile set, falling back to 1 default profile: "default"
2025-10-25 20:59:09 INFO main o.s.d.r.c.RepositoryConfigurationDelegate Bootstrapping Spring Data JDBC repositories in DEFAULT mode.
2025-10-25 20:59:09 INFO main o.s.d.r.c.RepositoryConfigurationDelegate Finished Spring Data repository scanning in 18 ms. Found 0 JDBC repository interfaces.
2025-10-25 20:59:10 INFO main o.s.b.w.e.tomcat.TomcatWebServer Tomcat initialized with port 8080 (http)
2025-10-25 20:59:10 INFO main o.a.coyote.http11.Http11NioProtocol Initializing ProtocolHandler ["http-nio-8080"]
2025-10-25 20:59:10 INFO main o.a.catalina.core.StandardService Starting service [Tomcat]
2025-10-25 20:59:10 INFO main o.a.catalina.core.StandardEngine Starting Servlet engine: [Apache Tomcat/10.1.46]
2025-10-25 20:59:10 INFO main o.a.c.c.C.[Tomcat].[localhost].[/] Initializing Spring embedded WebApplicationContext
2025-10-25 20:59:10 INFO main o.s.b.w.s.c.ServletWebServerApplicationContext Root WebApplicationContext: initialization completed in 1203 ms
2025-10-25 20:59:10 INFO main com.zaxxer.hikari.HikariDataSource HikariPool-1 - Starting...
2025-10-25 20:59:10 INFO main com.zaxxer.hikari.pool.HikariPool HikariPool-1 - Added connection com.mysql.cj.jdbc.ConnectionImpl@4e4f4092
2025-10-25 20:59:10 INFO main com.zaxxer.hikari.HikariDataSource HikariPool-1 - Start completed.
2025-10-25 20:59:10 INFO main o.a.coyote.http11.Http11NioProtocol Starting ProtocolHandler ["http-nio-8080"]
2025-10-25 20:59:10 INFO main o.s.b.w.e.tomcat.TomcatWebServer Tomcat started on port 8080 (http) with context path '/'
2025-10-25 20:59:10 INFO main demo.MainApplication Started MainApplication in 2.715 seconds (process running for 3.028)
2025-10-25 20:59:28 INFO http-nio-8080-exec-1 o.a.c.c.C.[Tomcat].[localhost].[/] Initializing Spring DispatcherServlet 'dispatcherServlet'
2025-10-25 20:59:28 INFO http-nio-8080-exec-1 o.s.web.servlet.DispatcherServlet Initializing Servlet 'dispatcherServlet'
2025-10-25 20:59:28 INFO http-nio-8080-exec-1 o.s.web.servlet.DispatcherServlet Completed initialization in 2 ms
2025-10-25 20:59:35 INFO http-nio-8080-exec-4 demo.controller.ActorController GET /api/actors - Request: Get all actors
2025-10-25 20:59:35 INFO http-nio-8080-exec-4 demo.controller.ActorController GET /api/actors - Response: Successfully retrieved 200 actors
2025-10-25 21:01:33 INFO http-nio-8080-exec-6 demo.controller.ActorController GET /api/actors/1 - Request: Get actor by ID
2025-10-25 21:01:33 INFO http-nio-8080-exec-6 demo.controller.ActorController GET /api/actors/1 - Response: Actor found - ActorResponse(actorId=1, firstName=Thomas, lastName=Cruise, lastUpdate=2025-10-25T13:20:01)
